<?xml version="1.0" encoding="UTF-8"?>
<testsuites name="S3 Demo" time="17.219" tests="1" failures="0" errors="0">
   <testsuite name="S3 Demo" tests="1" failures="0" errors="0" time="17.219" skipped="0" timestamp="2023-05-15 15:51:04" hostname="olenaovramenko - olenas-mbp" id="Test Suites/S3 Demo">
      <properties>
         <property name="deviceName" value=""/>
         <property name="devicePlatform" value=""/>
         <property name="logFolder" value="/Users/olenaovramenko/git/BFS-KatalonDemo-Project/Reports/20230515_155101/S3 Demo/20230515_155101"/>
         <property name="logFiles" value="/Users/olenaovramenko/git/BFS-KatalonDemo-Project/Reports/20230515_155101/S3 Demo/20230515_155101/execution0.log"/>
         <property name="attachments" value=""/>
         <property name="hostName" value="olenaovramenko - olenas-mbp"/>
         <property name="os" value="Mac OS X 64bit"/>
         <property name="katalonVersion" value="8.6.0.208"/>
         <property name="browser" value="Chrome 113.0.0.0"/>
         <property name="hostAddress" value="192.168.1.188"/>
         <property name="sessionId" value="dc843790b5193a267cf195ddfa1fdb12"/>
         <property name="seleniumVersion" value="3.141.59"/>
         <property name="proxyInformation" value="ProxyInformation { proxyOption=NO_PROXY, proxyServerType=HTTP, username=, password=********, proxyServerAddress=, proxyServerPort=0, executionList=&quot;&quot;, isApplyToDesiredCapabilities=true }"/>
         <property name="platform" value="Mac OS X"/>
      </properties>
      <testcase name="Test Cases/Demo Script mode" time="16.737" classname="Test Cases/Demo Script mode" status="PASSED">
         <system-out><![CDATA[2023-05-15 15:51:04 - [TEST_CASE][PASSED] - Test Cases/Demo Script mode: Test Cases/Demo Script mode

2023-05-15 15:51:05 - [TEST_STEP][PASSED] - openBrowser("https://example.testproject.io/web/"): Browser is opened with url: 'https://example.testproject.io/web/'

2023-05-15 15:51:06 - [MESSAGE][INFO] - Starting 'Chrome' driver

2023-05-15 15:51:06 - [MESSAGE][INFO] - Action delay is set to 0 milliseconds

2023-05-15 15:51:16 - [MESSAGE][PASSED] - Browser is opened with url: 'https://example.testproject.io/web/'

2023-05-15 15:51:16 - [TEST_STEP][PASSED] - maximizeWindow(): Current window maximized

2023-05-15 15:51:16 - [MESSAGE][PASSED] - Current window maximized

2023-05-15 15:51:16 - [TEST_STEP][PASSED] - setText(findTestObject("Object Repository/Demo login/Page_TestProject Demo/input_Full Name_name"), "Robert"): Text 'Robert' is set on object 'Object Repository/Demo login/Page_TestProject Demo/input_Full Name_name'

2023-05-15 15:51:17 - [MESSAGE][PASSED] - Text 'Robert' is set on object 'Object Repository/Demo login/Page_TestProject Demo/input_Full Name_name'

2023-05-15 15:51:17 - [TEST_STEP][PASSED] - setText(findTestObject("Object Repository/Demo login/Page_TestProject Demo/input_Password_password"), "123456"): Text '123456' is set on object 'Object Repository/Demo login/Page_TestProject Demo/input_Password_password'

2023-05-15 15:51:18 - [MESSAGE][PASSED] - Text '123456' is set on object 'Object Repository/Demo login/Page_TestProject Demo/input_Password_password'

2023-05-15 15:51:18 - [TEST_STEP][PASSED] - click(findTestObject("Object Repository/Demo login/Page_TestProject Demo/button_Login")): Object: 'Object Repository/Demo login/Page_TestProject Demo/button_Login' is clicked on

2023-05-15 15:51:19 - [MESSAGE][PASSED] - Object: 'Object Repository/Demo login/Page_TestProject Demo/button_Login' is clicked on

2023-05-15 15:51:19 - [TEST_STEP][PASSED] - closeBrowser(): Browser is closed

2023-05-15 15:51:19 - [MESSAGE][PASSED] - Browser is closed

2023-05-15 15:51:21 - [TEST_STEP][PASSED] - Video: Video recording for test case 'Test Cases/Demo Script mode' .

2023-05-15 15:51:21 - [MESSAGE][INFO] - Video recording for test case 'Test Cases/Demo Script mode' .]]></system-out>
         <system-err><![CDATA[]]></system-err>
      </testcase>
      <system-out><![CDATA[2023-05-15 15:51:04 - [TEST_SUITE][PASSED] - S3 Demo: Test Cases/Demo Script mode]]></system-out>
      <system-err><![CDATA[]]></system-err>
   </testsuite>
</testsuites>
