<?xml version="1.0" encoding="UTF-8"?>
<testsuites name="S4 Demo failed" time="16.388" tests="1" failures="0" errors="0">
   <testsuite name="S4 Demo failed" tests="1" failures="0" errors="0" time="16.388" skipped="0" timestamp="2023-05-15 19:59:26" hostname="olenaovramenko - olenas-mbp" id="Test Suites/S4 Demo failed">
      <properties>
         <property name="deviceName" value=""/>
         <property name="devicePlatform" value=""/>
         <property name="logFolder" value="/Users/olenaovramenko/git/BFS-KatalonDemo-Project/Reports/20230515_195923/S4 Demo failed/20230515_195923"/>
         <property name="logFiles" value="/Users/olenaovramenko/git/BFS-KatalonDemo-Project/Reports/20230515_195923/S4 Demo failed/20230515_195923/execution0.log"/>
         <property name="attachments" value=""/>
         <property name="hostName" value="olenaovramenko - olenas-mbp"/>
         <property name="os" value="Mac OS X 64bit"/>
         <property name="katalonVersion" value="8.6.0.208"/>
         <property name="browser" value="Chrome 113.0.0.0"/>
         <property name="hostAddress" value="192.168.1.188"/>
         <property name="sessionId" value="d90d4941860e3dbdda62db59bd52b452"/>
         <property name="seleniumVersion" value="3.141.59"/>
         <property name="proxyInformation" value="ProxyInformation { proxyOption=NO_PROXY, proxyServerType=HTTP, username=, password=********, proxyServerAddress=, proxyServerPort=0, executionList=&quot;&quot;, isApplyToDesiredCapabilities=true }"/>
         <property name="platform" value="Mac OS X"/>
      </properties>
      <testcase name="Test Cases/Demo Script mode" time="15.936" classname="Test Cases/Demo Script mode" status="PASSED">
         <system-out><![CDATA[2023-05-15 19:59:26 - [TEST_CASE][PASSED] - Test Cases/Demo Script mode: Test Cases/Demo Script mode

2023-05-15 19:59:27 - [TEST_STEP][PASSED] - openBrowser("https://example.testproject.io/web/"): Browser is opened with url: 'https://example.testproject.io/web/'

2023-05-15 19:59:27 - [MESSAGE][INFO] - Starting 'Chrome' driver

2023-05-15 19:59:28 - [MESSAGE][INFO] - Action delay is set to 0 milliseconds

2023-05-15 19:59:37 - [MESSAGE][PASSED] - Browser is opened with url: 'https://example.testproject.io/web/'

2023-05-15 19:59:37 - [TEST_STEP][PASSED] - maximizeWindow(): Current window maximized

2023-05-15 19:59:37 - [MESSAGE][PASSED] - Current window maximized

2023-05-15 19:59:37 - [TEST_STEP][PASSED] - setText(findTestObject("Object Repository/Demo login/Page_TestProject Demo/input_Full Name_name"), "Robert"): Text 'Robert' is set on object 'Object Repository/Demo login/Page_TestProject Demo/input_Full Name_name'

2023-05-15 19:59:39 - [MESSAGE][PASSED] - Text 'Robert' is set on object 'Object Repository/Demo login/Page_TestProject Demo/input_Full Name_name'

2023-05-15 19:59:39 - [TEST_STEP][PASSED] - setText(findTestObject("Object Repository/Demo login/Page_TestProject Demo/input_Password_password"), "1"): Text '1' is set on object 'Object Repository/Demo login/Page_TestProject Demo/input_Password_password'

2023-05-15 19:59:39 - [MESSAGE][PASSED] - Text '1' is set on object 'Object Repository/Demo login/Page_TestProject Demo/input_Password_password'

2023-05-15 19:59:39 - [TEST_STEP][PASSED] - click(findTestObject("Object Repository/Demo login/Page_TestProject Demo/button_Login")): Object: 'Object Repository/Demo login/Page_TestProject Demo/button_Login' is clicked on

2023-05-15 19:59:40 - [MESSAGE][PASSED] - Object: 'Object Repository/Demo login/Page_TestProject Demo/button_Login' is clicked on

2023-05-15 19:59:40 - [TEST_STEP][PASSED] - closeBrowser(): Browser is closed

2023-05-15 19:59:40 - [MESSAGE][PASSED] - Browser is closed

2023-05-15 19:59:42 - [TEST_STEP][PASSED] - Video: Video recording for test case 'Test Cases/Demo Script mode' .

2023-05-15 19:59:42 - [MESSAGE][INFO] - Video recording for test case 'Test Cases/Demo Script mode' .]]></system-out>
         <system-err><![CDATA[]]></system-err>
      </testcase>
      <system-out><![CDATA[2023-05-15 19:59:26 - [TEST_SUITE][PASSED] - S4 Demo failed: Test Cases/Demo Script mode]]></system-out>
      <system-err><![CDATA[]]></system-err>
   </testsuite>
</testsuites>
